{
  "0 debug pnpm:scope": {
    "selected": 1
  },
  "1 debug pnpm:package-manifest": {
    "initial": {
      "name": "mediathekcommunity",
      "version": "0.0.1",
      "private": true,
      "scripts": {
        "dev": "vite dev",
        "build": "vite build",
        "preview": "vite preview",
        "check": "svelte-kit sync && svelte-check --tsconfig ./jsconfig.json",
        "check:watch": "svelte-kit sync && svelte-check --tsconfig ./jsconfig.json --watch",
        "lint": "prettier --plugin-search-dir . --check . && eslint .",
        "format": "prettier --plugin-search-dir . --write ."
      },
      "devDependencies": {
        "@iconify/svelte": "^3.1.4",
        "@sveltejs/adapter-cloudflare": "^2.3.3",
        "@sveltejs/adapter-vercel": "^3.0.3",
        "@sveltejs/kit": "^1.23.0",
        "autoprefixer": "^10.4.15",
        "eslint": "^8.47.0",
        "eslint-config-prettier": "^9.0.0",
        "eslint-plugin-svelte": "^2.33.0",
        "flowbite-svelte-icons": "^0.3.6",
        "postcss": "^8.4.28",
        "postcss-load-config": "^4.0.1",
        "prettier": "^3.0.2",
        "prettier-plugin-svelte": "^3.0.3",
        "svelte": "^4.2.0",
        "svelte-awesome-icons": "^0.5.5",
        "svelte-check": "^3.5.0",
        "tailwindcss": "^3.3.3",
        "typescript": "^5.2.2",
        "vite": "^4.4.9"
      },
      "type": "module",
      "dependencies": {
        "@directus/sdk": "^11.0.2",
        "@popperjs/core": "^2.11.8",
        "@tolgee/svelte": "^5.11.1",
        "@vercel/analytics": "^1.0.2",
        "flowbite": "^1.8.1",
        "flowbite-svelte": "^0.44.4",
        "lodash-es": "^4.17.21",
        "svelte-i18n": "^3.7.0",
        "sveltekit-i18n": "^2.4.2",
        "swiper": "^10.2.0",
        "tailwind-merge": "^1.14.0",
        "video.js": "^8.5.2"
      }
    },
    "prefix": "/project/mediathekcommunity"
  },
  "2 warn pnpm": {
    "message": "Ignoring broken lockfile at /project/mediathekcommunity: Lockfile /project/mediathekcommunity/pnpm-lock.yaml not compatible with current pnpm",
    "prefix": "/project/mediathekcommunity"
  },
  "3 debug pnpm:context": {
    "currentLockfileExists": false,
    "storeDir": "/project/.cache/pnpm/v3",
    "virtualStoreDir": "/project/mediathekcommunity/node_modules/.pnpm"
  },
  "4 debug pnpm:stage": {
    "prefix": "/project/mediathekcommunity",
    "stage": "resolution_started"
  },
  "5 debug pnpm:_dependency_resolved": {
    "resolution": "registry.npmjs.org/eslint-config-prettier/9.0.0",
    "wanted": {
      "dependentId": ".",
      "name": "eslint-config-prettier",
      "rawSpec": "^9.0.0"
    }
  },
  "6 debug pnpm:progress": {
    "packageId": "registry.npmjs.org/eslint-config-prettier/9.0.0",
    "requester": "/project/mediathekcommunity",
    "status": "resolved"
  },
  "7 debug pnpm:_dependency_resolved": {
    "resolution": "registry.npmjs.org/postcss/8.4.28",
    "wanted": {
      "dependentId": ".",
      "name": "postcss",
      "rawSpec": "^8.4.28"
    }
  },
  "8 debug pnpm:progress": {
    "packageId": "registry.npmjs.org/postcss/8.4.28",
    "requester": "/project/mediathekcommunity",
    "status": "resolved"
  },
  "9 debug pnpm:_dependency_resolved": {
    "resolution": "registry.npmjs.org/flowbite-svelte-icons/0.3.6",
    "wanted": {
      "dependentId": ".",
      "name": "flowbite-svelte-icons",
      "rawSpec": "^0.3.6"
    }
  },
  "10 debug pnpm:progress": {
    "packageId": "registry.npmjs.org/flowbite-svelte-icons/0.3.6",
    "requester": "/project/mediathekcommunity",
    "status": "resolved"
  },
  "11 debug pnpm:_dependency_resolved": {
    "resolution": "registry.npmjs.org/eslint/8.48.0",
    "wanted": {
      "dependentId": ".",
      "name": "eslint",
      "rawSpec": "^8.47.0"
    }
  },
  "12 debug pnpm:progress": {
    "packageId": "registry.npmjs.org/eslint/8.48.0",
    "requester": "/project/mediathekcommunity",
    "status": "resolved"
  },
  "13 debug pnpm:_dependency_resolved": {
    "resolution": "registry.npmjs.org/postcss-load-config/4.0.1",
    "wanted": {
      "dependentId": ".",
      "name": "postcss-load-config",
      "rawSpec": "^4.0.1"
    }
  },
  "14 debug pnpm:progress": {
    "packageId": "registry.npmjs.org/postcss-load-config/4.0.1",
    "requester": "/project/mediathekcommunity",
    "status": "resolved"
  },
  "15 debug pnpm:_dependency_resolved": {
    "resolution": "registry.npmjs.org/@iconify/svelte/3.1.4",
    "wanted": {
      "dependentId": ".",
      "name": "@iconify/svelte",
      "rawSpec": "^3.1.4"
    }
  },
  "16 debug pnpm:progress": {
    "packageId": "registry.npmjs.org/@iconify/svelte/3.1.4",
    "requester": "/project/mediathekcommunity",
    "status": "resolved"
  },
  "17 debug pnpm:_dependency_resolved": {
    "resolution": "registry.npmjs.org/autoprefixer/10.4.15",
    "wanted": {
      "dependentId": ".",
      "name": "autoprefixer",
      "rawSpec": "^10.4.15"
    }
  },
  "18 debug pnpm:progress": {
    "packageId": "registry.npmjs.org/autoprefixer/10.4.15",
    "requester": "/project/mediathekcommunity",
    "status": "resolved"
  },
  "19 debug pnpm:_dependency_resolved": {
    "resolution": "registry.npmjs.org/@popperjs/core/2.11.8",
    "wanted": {
      "dependentId": ".",
      "name": "@popperjs/core",
      "rawSpec": "^2.11.8"
    }
  },
  "20 debug pnpm:progress": {
    "packageId": "registry.npmjs.org/@popperjs/core/2.11.8",
    "requester": "/project/mediathekcommunity",
    "status": "resolved"
  },
  "21 debug pnpm:_dependency_resolved": {
    "resolution": "registry.npmjs.org/tailwindcss/3.3.3",
    "wanted": {
      "dependentId": ".",
      "name": "tailwindcss",
      "rawSpec": "^3.3.3"
    }
  },
  "22 debug pnpm:progress": {
    "packageId": "registry.npmjs.org/tailwindcss/3.3.3",
    "requester": "/project/mediathekcommunity",
    "status": "resolved"
  },
  "23 debug pnpm:_dependency_resolved": {
    "resolution": "registry.npmjs.org/vite/4.4.9",
    "wanted": {
      "dependentId": ".",
      "name": "vite",
      "rawSpec": "^4.4.9"
    }
  },
  "24 debug pnpm:progress": {
    "packageId": "registry.npmjs.org/vite/4.4.9",
    "requester": "/project/mediathekcommunity",
    "status": "resolved"
  },
  "25 debug pnpm:_dependency_resolved": {
    "resolution": "registry.npmjs.org/svelte-check/3.5.0",
    "wanted": {
      "dependentId": ".",
      "name": "svelte-check",
      "rawSpec": "^3.5.0"
    }
  },
  "26 debug pnpm:progress": {
    "packageId": "registry.npmjs.org/svelte-check/3.5.0",
    "requester": "/project/mediathekcommunity",
    "status": "resolved"
  },
  "27 debug pnpm:_dependency_resolved": {
    "resolution": "registry.npmjs.org/@sveltejs/kit/1.23.0",
    "wanted": {
      "dependentId": ".",
      "name": "@sveltejs/kit",
      "rawSpec": "^1.23.0"
    }
  },
  "28 debug pnpm:progress": {
    "packageId": "registry.npmjs.org/@sveltejs/kit/1.23.0",
    "requester": "/project/mediathekcommunity",
    "status": "resolved"
  },
  "29 debug pnpm:_dependency_resolved": {
    "resolution": "registry.npmjs.org/lodash-es/4.17.21",
    "wanted": {
      "dependentId": ".",
      "name": "lodash-es",
      "rawSpec": "^4.17.21"
    }
  },
  "30 debug pnpm:progress": {
    "packageId": "registry.npmjs.org/lodash-es/4.17.21",
    "requester": "/project/mediathekcommunity",
    "status": "resolved"
  },
  "31 debug pnpm:_dependency_resolved": {
    "resolution": "registry.npmjs.org/typescript/5.2.2",
    "wanted": {
      "dependentId": ".",
      "name": "typescript",
      "rawSpec": "^5.2.2"
    }
  },
  "32 debug pnpm:progress": {
    "packageId": "registry.npmjs.org/typescript/5.2.2",
    "requester": "/project/mediathekcommunity",
    "status": "resolved"
  },
  "33 debug pnpm:_dependency_resolved": {
    "resolution": "registry.npmjs.org/prettier/3.0.2",
    "wanted": {
      "dependentId": ".",
      "name": "prettier",
      "rawSpec": "^3.0.2"
    }
  },
  "34 debug pnpm:progress": {
    "packageId": "registry.npmjs.org/prettier/3.0.2",
    "requester": "/project/mediathekcommunity",
    "status": "resolved"
  },
  "35 debug pnpm:progress": {
    "packageId": "registry.npmjs.org/eslint-config-prettier/9.0.0",
    "requester": "/project/mediathekcommunity",
    "status": "found_in_store"
  },
  "36 debug pnpm:_dependency_resolved": {
    "resolution": "registry.npmjs.org/swiper/10.2.0",
    "wanted": {
      "dependentId": ".",
      "name": "swiper",
      "rawSpec": "^10.2.0"
    }
  },
  "37 debug pnpm:progress": {
    "packageId": "registry.npmjs.org/swiper/10.2.0",
    "requester": "/project/mediathekcommunity",
    "status": "resolved"
  },
  "38 debug pnpm:progress": {
    "packageId": "registry.npmjs.org/flowbite-svelte-icons/0.3.6",
    "requester": "/project/mediathekcommunity",
    "status": "found_in_store"
  },
  "39 debug pnpm:progress": {
    "packageId": "registry.npmjs.org/postcss/8.4.28",
    "requester": "/project/mediathekcommunity",
    "status": "found_in_store"
  },
  "40 debug pnpm:_dependency_resolved": {
    "resolution": "registry.npmjs.org/svelte-i18n/3.7.0",
    "wanted": {
      "dependentId": ".",
      "name": "svelte-i18n",
      "rawSpec": "^3.7.0"
    }
  },
  "41 debug pnpm:progress": {
    "packageId": "registry.npmjs.org/svelte-i18n/3.7.0",
    "requester": "/project/mediathekcommunity",
    "status": "resolved"
  },
  "42 debug pnpm:progress": {
    "packageId": "registry.npmjs.org/postcss-load-config/4.0.1",
    "requester": "/project/mediathekcommunity",
    "status": "found_in_store"
  },
  "43 debug pnpm:fetching-progress": {
    "attempt": 1,
    "packageId": "registry.npmjs.org/lodash-es/4.17.21",
    "size": 152699,
    "status": "started"
  },
  "44 debug pnpm:fetching-progress": {
    "attempt": 1,
    "packageId": "registry.npmjs.org/typescript/5.2.2",
    "size": 7230699,
    "status": "started"
  },
  "45 debug pnpm:fetching-progress": {
    "downloaded": 16384,
    "packageId": "registry.npmjs.org/typescript/5.2.2",
    "status": "in_progress"
  },
  "46 debug pnpm:fetching-progress": {
    "downloaded": 32768,
    "packageId": "registry.npmjs.org/typescript/5.2.2",
    "status": "in_progress"
  },
  "47 debug pnpm:fetching-progress": {
    "downloaded": 49152,
    "packageId": "registry.npmjs.org/typescript/5.2.2",
    "status": "in_progress"
  },
  "48 debug pnpm:fetching-progress": {
    "downloaded": 65536,
    "packageId": "registry.npmjs.org/typescript/5.2.2",
    "status": "in_progress"
  },
  "49 debug pnpm:fetching-progress": {
    "downloaded": 81920,
    "packageId": "registry.npmjs.org/typescript/5.2.2",
    "status": "in_progress"
  },
  "50 debug pnpm:fetching-progress": {
    "downloaded": 98304,
    "packageId": "registry.npmjs.org/typescript/5.2.2",
    "status": "in_progress"
  },
  "51 debug pnpm:fetching-progress": {
    "downloaded": 114688,
    "packageId": "registry.npmjs.org/typescript/5.2.2",
    "status": "in_progress"
  },
  "52 debug pnpm:fetching-progress": {
    "downloaded": 131072,
    "packageId": "registry.npmjs.org/typescript/5.2.2",
    "status": "in_progress"
  },
  "53 debug pnpm:fetching-progress": {
    "downloaded": 147456,
    "packageId": "registry.npmjs.org/typescript/5.2.2",
    "status": "in_progress"
  },
  "54 debug pnpm:fetching-progress": {
    "downloaded": 163840,
    "packageId": "registry.npmjs.org/typescript/5.2.2",
    "status": "in_progress"
  },
  "55 debug pnpm:fetching-progress": {
    "downloaded": 180224,
    "packageId": "registry.npmjs.org/typescript/5.2.2",
    "status": "in_progress"
  },
  "56 debug pnpm:fetching-progress": {
    "downloaded": 196608,
    "packageId": "registry.npmjs.org/typescript/5.2.2",
    "status": "in_progress"
  },
  "57 debug pnpm:fetching-progress": {
    "downloaded": 199905,
    "packageId": "registry.npmjs.org/typescript/5.2.2",
    "status": "in_progress"
  },
  "58 debug pnpm:fetching-progress": {
    "downloaded": 216289,
    "packageId": "registry.npmjs.org/typescript/5.2.2",
    "status": "in_progress"
  },
  "59 debug pnpm:fetching-progress": {
    "downloaded": 232673,
    "packageId": "registry.npmjs.org/typescript/5.2.2",
    "status": "in_progress"
  },
  "60 debug pnpm:fetching-progress": {
    "downloaded": 249057,
    "packageId": "registry.npmjs.org/typescript/5.2.2",
    "status": "in_progress"
  },
  "61 debug pnpm:fetching-progress": {
    "downloaded": 265441,
    "packageId": "registry.npmjs.org/typescript/5.2.2",
    "status": "in_progress"
  },
  "62 debug pnpm:fetching-progress": {
    "downloaded": 281825,
    "packageId": "registry.npmjs.org/typescript/5.2.2",
    "status": "in_progress"
  },
  "63 debug pnpm:fetching-progress": {
    "downloaded": 298209,
    "packageId": "registry.npmjs.org/typescript/5.2.2",
    "status": "in_progress"
  },
  "64 debug pnpm:fetching-progress": {
    "downloaded": 314593,
    "packageId": "registry.npmjs.org/typescript/5.2.2",
    "status": "in_progress"
  },
  "65 debug pnpm:fetching-progress": {
    "downloaded": 330977,
    "packageId": "registry.npmjs.org/typescript/5.2.2",
    "status": "in_progress"
  },
  "66 debug pnpm:fetching-progress": {
    "downloaded": 347361,
    "packageId": "registry.npmjs.org/typescript/5.2.2",
    "status": "in_progress"
  },
  "67 debug pnpm:fetching-progress": {
    "downloaded": 363745,
    "packageId": "registry.npmjs.org/typescript/5.2.2",
    "status": "in_progress"
  },
  "68 debug pnpm:fetching-progress": {
    "downloaded": 380129,
    "packageId": "registry.npmjs.org/typescript/5.2.2",
    "status": "in_progress"
  },
  "69 debug pnpm:fetching-progress": {
    "downloaded": 396513,
    "packageId": "registry.npmjs.org/typescript/5.2.2",
    "status": "in_progress"
  },
  "70 debug pnpm:fetching-progress": {
    "downloaded": 412897,
    "packageId": "registry.npmjs.org/typescript/5.2.2",
    "status": "in_progress"
  },
  "71 debug pnpm:fetching-progress": {
    "downloaded": 429281,
    "packageId": "registry.npmjs.org/typescript/5.2.2",
    "status": "in_progress"
  },
  "72 debug pnpm:fetching-progress": {
    "downloaded": 445665,
    "packageId": "registry.npmjs.org/typescript/5.2.2",
    "status": "in_progress"
  },
  "73 debug pnpm:fetching-progress": {
    "downloaded": 462049,
    "packageId": "registry.npmjs.org/typescript/5.2.2",
    "status": "in_progress"
  },
  "74 debug pnpm:fetching-progress": {
    "downloaded": 478433,
    "packageId": "registry.npmjs.org/typescript/5.2.2",
    "status": "in_progress"
  },
  "75 debug pnpm:fetching-progress": {
    "downloaded": 494817,
    "packageId": "registry.npmjs.org/typescript/5.2.2",
    "status": "in_progress"
  },
  "76 debug pnpm:fetching-progress": {
    "downloaded": 511201,
    "packageId": "registry.npmjs.org/typescript/5.2.2",
    "status": "in_progress"
  },
  "77 debug pnpm:fetching-progress": {
    "downloaded": 527585,
    "packageId": "registry.npmjs.org/typescript/5.2.2",
    "status": "in_progress"
  },
  "78 debug pnpm:fetching-progress": {
    "downloaded": 543969,
    "packageId": "registry.npmjs.org/typescript/5.2.2",
    "status": "in_progress"
  },
  "79 debug pnpm:fetching-progress": {
    "downloaded": 560353,
    "packageId": "registry.npmjs.org/typescript/5.2.2",
    "status": "in_progress"
  },
  "80 debug pnpm:fetching-progress": {
    "downloaded": 576737,
    "packageId": "registry.npmjs.org/typescript/5.2.2",
    "status": "in_progress"
  },
  "81 debug pnpm:fetching-progress": {
    "downloaded": 593121,
    "packageId": "registry.npmjs.org/typescript/5.2.2",
    "status": "in_progress"
  },
  "82 debug pnpm:fetching-progress": {
    "downloaded": 609505,
    "packageId": "registry.npmjs.org/typescript/5.2.2",
    "status": "in_progress"
  },
  "83 debug pnpm:fetching-progress": {
    "downloaded": 625889,
    "packageId": "registry.npmjs.org/typescript/5.2.2",
    "status": "in_progress"
  },
  "84 debug pnpm:fetching-progress": {
    "downloaded": 642273,
    "packageId": "registry.npmjs.org/typescript/5.2.2",
    "status": "in_progress"
  },
  "85 debug pnpm:fetching-progress": {
    "downloaded": 658657,
    "packageId": "registry.npmjs.org/typescript/5.2.2",
    "status": "in_progress"
  },
  "86 debug pnpm:fetching-progress": {
    "downloaded": 675041,
    "packageId": "registry.npmjs.org/typescript/5.2.2",
    "status": "in_progress"
  },
  "87 debug pnpm:fetching-progress": {
    "downloaded": 691425,
    "packageId": "registry.npmjs.org/typescript/5.2.2",
    "status": "in_progress"
  },
  "88 debug pnpm:fetching-progress": {
    "downloaded": 707809,
    "packageId": "registry.npmjs.org/typescript/5.2.2",
    "status": "in_progress"
  },
  "89 debug pnpm:fetching-progress": {
    "downloaded": 724193,
    "packageId": "registry.npmjs.org/typescript/5.2.2",
    "status": "in_progress"
  },
  "90 debug pnpm:fetching-progress": {
    "downloaded": 740577,
    "packageId": "registry.npmjs.org/typescript/5.2.2",
    "status": "in_progress"
  },
  "91 debug pnpm:fetching-progress": {
    "downloaded": 756961,
    "packageId": "registry.npmjs.org/typescript/5.2.2",
    "status": "in_progress"
  },
  "92 debug pnpm:fetching-progress": {
    "downloaded": 773345,
    "packageId": "registry.npmjs.org/typescript/5.2.2",
    "status": "in_progress"
  },
  "93 debug pnpm:fetching-progress": {
    "downloaded": 789729,
    "packageId": "registry.npmjs.org/typescript/5.2.2",
    "status": "in_progress"
  },
  "94 debug pnpm:fetching-progress": {
    "downloaded": 806113,
    "packageId": "registry.npmjs.org/typescript/5.2.2",
    "status": "in_progress"
  },
  "95 debug pnpm:_dependency_resolved": {
    "resolution": "registry.npmjs.org/eslint-plugin-svelte/2.33.0",
    "wanted": {
      "dependentId": ".",
      "name": "eslint-plugin-svelte",
      "rawSpec": "^2.33.0"
    }
  },
  "96 debug pnpm:progress": {
    "packageId": "registry.npmjs.org/eslint-plugin-svelte/2.33.0",
    "requester": "/project/mediathekcommunity",
    "status": "resolved"
  },
  "97 debug pnpm:fetching-progress": {
    "attempt": 1,
    "packageId": "registry.npmjs.org/swiper/10.2.0",
    "size": 768545,
    "status": "started"
  },
  "98 debug pnpm:_dependency_resolved": {
    "resolution": "registry.npmjs.org/svelte/4.2.0",
    "wanted": {
      "dependentId": ".",
      "name": "svelte",
      "rawSpec": "^4.2.0"
    }
  },
  "99 debug pnpm:progress": {
    "packageId": "registry.npmjs.org/svelte/4.2.0",
    "requester": "/project/mediathekcommunity",
    "status": "resolved"
  },
  "100 debug pnpm:_dependency_resolved": {
    "resolution": "registry.npmjs.org/prettier-plugin-svelte/3.0.3",
    "wanted": {
      "dependentId": ".",
      "name": "prettier-plugin-svelte",
      "rawSpec": "^3.0.3"
    }
  },
  "101 debug pnpm:progress": {
    "packageId": "registry.npmjs.org/prettier-plugin-svelte/3.0.3",
    "requester": "/project/mediathekcommunity",
    "status": "resolved"
  },
  "102 debug pnpm:fetching-progress": {
    "attempt": 1,
    "packageId": "registry.npmjs.org/svelte-i18n/3.7.0",
    "size": 11382,
    "status": "started"
  },
  "103 debug pnpm:progress": {
    "packageId": "registry.npmjs.org/eslint/8.48.0",
    "requester": "/project/mediathekcommunity",
    "status": "found_in_store"
  },
  "104 debug pnpm:progress": {
    "packageId": "registry.npmjs.org/autoprefixer/10.4.15",
    "requester": "/project/mediathekcommunity",
    "status": "found_in_store"
  },
  "105 debug pnpm:fetching-progress": {
    "attempt": 1,
    "packageId": "registry.npmjs.org/@iconify/svelte/3.1.4",
    "size": 86124,
    "status": "started"
  },
  "106 debug pnpm:progress": {
    "packageId": "registry.npmjs.org/svelte-i18n/3.7.0",
    "requester": "/project/mediathekcommunity",
    "status": "fetched"
  },
  "107 debug pnpm:_dependency_resolved": {
    "resolution": "registry.npmjs.org/svelte-awesome-icons/0.5.5",
    "wanted": {
      "dependentId": ".",
      "name": "svelte-awesome-icons",
      "rawSpec": "^0.5.5"
    }
  },
  "108 debug pnpm:progress": {
    "packageId": "registry.npmjs.org/svelte-awesome-icons/0.5.5",
    "requester": "/project/mediathekcommunity",
    "status": "resolved"
  },
  "109 debug pnpm:progress": {
    "packageId": "registry.npmjs.org/@popperjs/core/2.11.8",
    "requester": "/project/mediathekcommunity",
    "status": "found_in_store"
  },
  "110 debug pnpm:_dependency_resolved": {
    "resolution": "registry.npmjs.org/flowbite/1.8.1",
    "wanted": {
      "dependentId": ".",
      "name": "flowbite",
      "rawSpec": "^1.8.1"
    }
  },
  "111 debug pnpm:progress": {
    "packageId": "registry.npmjs.org/flowbite/1.8.1",
    "requester": "/project/mediathekcommunity",
    "status": "resolved"
  },
  "112 debug pnpm:progress": {
    "packageId": "registry.npmjs.org/svelte-check/3.5.0",
    "requester": "/project/mediathekcommunity",
    "status": "found_in_store"
  },
  "113 debug pnpm:fetching-progress": {
    "attempt": 1,
    "packageId": "registry.npmjs.org/svelte-awesome-icons/0.5.5",
    "size": 498663,
    "status": "started"
  },
  "114 debug pnpm:fetching-progress": {
    "attempt": 1,
    "packageId": "registry.npmjs.org/flowbite/1.8.1",
    "size": 636402,
    "status": "started"
  },
  "115 debug pnpm:progress": {
    "packageId": "registry.npmjs.org/tailwindcss/3.3.3",
    "requester": "/project/mediathekcommunity",
    "status": "found_in_store"
  },
  "116 debug pnpm:_dependency_resolved": {
    "resolution": "registry.npmjs.org/flowbite-svelte/0.44.4",
    "wanted": {
      "dependentId": ".",
      "name": "flowbite-svelte",
      "rawSpec": "^0.44.4"
    }
  },
  "117 debug pnpm:progress": {
    "packageId": "registry.npmjs.org/flowbite-svelte/0.44.4",
    "requester": "/project/mediathekcommunity",
    "status": "resolved"
  },
  "118 debug pnpm:progress": {
    "packageId": "registry.npmjs.org/vite/4.4.9",
    "requester": "/project/mediathekcommunity",
    "status": "found_in_store"
  },
  "119 debug pnpm:progress": {
    "packageId": "registry.npmjs.org/prettier/3.0.2",
    "requester": "/project/mediathekcommunity",
    "status": "found_in_store"
  },
  "120 warn pnpm:install-check": {
    "message": "Unsupported engine for registry.npmjs.org/@directus/sdk/11.0.3: wanted: {\"node\":\">=18.0.0\"} (current: {\"node\":\"v16.17.0\",\"pnpm\":\"7.1.0\"})",
    "prefix": "/project/mediathekcommunity"
  },
  "121 error pnpm": {
    "code": "ERR_PNPM_UNSUPPORTED_ENGINE",
    "packageId": "registry.npmjs.org/@directus/sdk/11.0.3",
    "wanted": {
      "node": ">=18.0.0"
    },
    "current": {
      "node": "v16.17.0",
      "pnpm": "7.1.0"
    },
    "pkgsStack": [],
    "err": {
      "name": "pnpm",
      "message": "Unsupported engine for registry.npmjs.org/@directus/sdk/11.0.3: wanted: {\"node\":\">=18.0.0\"} (current: {\"node\":\"v16.17.0\",\"pnpm\":\"7.1.0\"})",
      "code": "ERR_PNPM_UNSUPPORTED_ENGINE",
      "stack": "pnpm: Unsupported engine for registry.npmjs.org/@directus/sdk/11.0.3: wanted: {\"node\":\">=18.0.0\"} (current: {\"node\":\"v16.17.0\",\"pnpm\":\"7.1.0\"})\n    at checkEngine (/usr/local/pnpm-global/5/node_modules/.pnpm/pnpm@7.1.0/node_modules/pnpm/dist/pnpm.cjs:41213:16)\n    at checkPackage (/usr/local/pnpm-global/5/node_modules/.pnpm/pnpm@7.1.0/node_modules/pnpm/dist/pnpm.cjs:43461:74)\n    at packageIsInstallable (/usr/local/pnpm-global/5/node_modules/.pnpm/pnpm@7.1.0/node_modules/pnpm/dist/pnpm.cjs:43431:20)\n    at resolveAndFetch (/usr/local/pnpm-global/5/node_modules/.pnpm/pnpm@7.1.0/node_modules/pnpm/dist/pnpm.cjs:91549:117)\n    at runMicrotasks (<anonymous>)\n    at processTicksAndRejections (node:internal/process/task_queues:96:5)\n    at async resolveDependency (/usr/local/pnpm-global/5/node_modules/.pnpm/pnpm@7.1.0/node_modules/pnpm/dist/pnpm.cjs:115788:23)\n    at async resolveDependenciesOfDependency (/usr/local/pnpm-global/5/node_modules/.pnpm/pnpm@7.1.0/node_modules/pnpm/dist/pnpm.cjs:115632:39)\n    at async Promise.all (index 19)\n    at async resolveDependencies (/usr/local/pnpm-global/5/node_modules/.pnpm/pnpm@7.1.0/node_modules/pnpm/dist/pnpm.cjs:115600:29)"
    }
  }
}